#
# A fatal error has been detected by the Java Runtime Environment:
#
#  EXCEPTION_ACCESS_VIOLATION (0xc0000005) at pc=0x0000027625840504, pid=14948, tid=16564
#
# JRE version: Java(TM) SE Runtime Environment (18.0.2.1+1) (build 18.0.2.1+1-1)
# Java VM: Java HotSpot(TM) 64-Bit Server VM (18.0.2.1+1-1, mixed mode, sharing, tiered, compressed oops, compressed class ptrs, g1 gc, windows-amd64)
# Problematic frame:
# v  ~BufferBlob::MethodHandles adapters
#
# No core dump will be written. Minidumps are not enabled by default on client versions of Windows
#
# If you would like to submit a bug report, please visit:
#   https://bugreport.java.com/bugreport/crash.jsp
#

---------------  S U M M A R Y ------------

Command Line: -XX:+ShowCodeDetailsInExceptionMessages -agentlib:jdwp=transport=dt_socket,suspend=y,address=localhost:62391 -javaagent:D:\Eclipce\eclipse\configuration\org.eclipse.osgi\407\0\.cp\lib\javaagent-shaded.jar -Dfile.encoding=UTF-8 com.diplom.beautyshop.BeautyshopApplication

Host: Intel(R) Core(TM) i3-6006U CPU @ 2.00GHz, 4 cores, 3G,  Windows 10 , 64 bit Build 19041 (10.0.19041.2788)
Time: Wed May 10 13:05:47 2023  Windows 10 , 64 bit Build 19041 (10.0.19041.2788) elapsed time: 198.716007 seconds (0d 0h 3m 18s)

---------------  T H R E A D  ---------------

Current thread (0x0000027642ba6fd0):  JavaThread "http-nio-2345-exec-1" daemon [_thread_in_Java, id=16564, stack(0x000000e846600000,0x000000e846700000)]

Stack: [0x000000e846600000,0x000000e846700000],  sp=0x000000e8466fd678,  free space=1013k
Native frames: (J=compiled Java code, j=interpreted, Vv=VM code, C=native code)
C  0x0000027625840504


siginfo: EXCEPTION_ACCESS_VIOLATION (0xc0000005), reading address 0xffffffffffffffff


Register to memory mapping:

RIP=0x0000027625840504 is at begin+45 in a stub
MethodHandle::interpreter_entry::_linkToVirtual [0x00000276258404d7, 0x000002762584052a] (83 bytes)
RAX=0x000002762580a42c is at code_begin+4812 in an Interpreter codelet
return entry points  [0x0000027625809160, 0x000002762580b380]  8736 bytes
RBX=0x00000000c31b3be8 is an oop: com.diplom.beautyshop.AppControl 
{0x00000000c31b3be8} - klass: 'com/diplom/beautyshop/AppControl'
 - ---- fields (total size 5 words):
 - private 'clientSVC' 'Lcom/diplom/beautyshop/svc/ClientSVC;' @12  a 'com/diplom/beautyshop/svc/ClientSVC$$SpringCGLIB$$0'{0x00000000c3520178} (c3520178)
 - private 'recordSVC' 'Lcom/diplom/beautyshop/svc/RecordSVC;' @16  a 'com/diplom/beautyshop/svc/RecordSVC$$SpringCGLIB$$0'{0x00000000c34faa98} (c34faa98)
 - private 'serviceSVC' 'Lcom/diplom/beautyshop/svc/ServiceSVC;' @20  a 'com/diplom/beautyshop/svc/ServiceSVC$$SpringCGLIB$$0'{0x00000000c3558890} (c3558890)
 - private 'serviceTypeSVC' 'Lcom/diplom/beautyshop/svc/ServiceTypeSVC;' @24  a 'com/diplom/beautyshop/svc/ServiceTypeSVC$$SpringCGLIB$$0'{0x00000000c3583618} (c3583618)
 - private 'workerSVC' 'Lcom/diplom/beautyshop/svc/WorkerSVC;' @28  a 'com/diplom/beautyshop/svc/WorkerSVC$$SpringCGLIB$$0'{0x00000000c3583428} (c3583428)
 - private 'appSVC' 'Lcom/diplom/beautyshop/svc/AppSVC;' @32  a 'com/diplom/beautyshop/svc/AppSVC'{0x00000000c3583418} (c3583418)
RCX=0x000000e8466fd680 is pointing into the stack for thread: 0x0000027642ba6fd0
RDX=0x0000000000000002 is an unknown value
RSP=0x000000e8466fd678 is pointing into the stack for thread: 0x0000027642ba6fd0
RBP=0x000000e8466fd6c8 is pointing into the stack for thread: 0x0000027642ba6fd0
RSI=0x000002763de6f588 points into unknown readable memory: 0x80000f002afc214a | 4a 21 fc 2a 00 0f 00 80
RDI=0x000002763f521c50 points into unknown readable memory: 0x0000001800000060 | 60 00 00 00 18 00 00 00
R8 =0x0000000000000004 is an unknown value
R9 =0x0000000000000004 is an unknown value
R10=0x00000008006dd3f2 is pointing into metadata
R11=0xc3558890c34faa98 is an unknown value
R12=0x0 is NULL
R13=0x000000e8466fd678 is pointing into the stack for thread: 0x0000027642ba6fd0
R14=0x000000e8466fd6e8 is pointing into the stack for thread: 0x0000027642ba6fd0
R15=0x0000027642ba6fd0 is a thread


Registers:
RAX=0x000002762580a42c, RBX=0x00000000c31b3be8, RCX=0x000000e8466fd680, RDX=0x0000000000000002
RSP=0x000000e8466fd678, RBP=0x000000e8466fd6c8, RSI=0x000002763de6f588, RDI=0x000002763f521c50
R8 =0x0000000000000004, R9 =0x0000000000000004, R10=0x00000008006dd3f2, R11=0xc3558890c34faa98
R12=0x0000000000000000, R13=0x000000e8466fd678, R14=0x000000e8466fd6e8, R15=0x0000027642ba6fd0
RIP=0x0000027625840504, EFLAGS=0x0000000000010202

Top of Stack: (sp=0x000000e8466fd678)
0x000000e8466fd678:   000002762580a42c 000000e8466fd680
0x000000e8466fd688:   00000008006dd3f2 000000e8466fd6e8
0x000000e8466fd698:   00000008000c4a00 000002763c955e68
0x000000e8466fd6a8:   00000000c202eba8 00000008000c72d8
0x000000e8466fd6b8:   000000e8466fd678 000000e8466fd6f0
0x000000e8466fd6c8:   00000000c512f990 00000276262e7c76
0x000000e8466fd6d8:   00000000c43707f8 00000000c31b3be8
0x000000e8466fd6e8:   00000000c4370790 000000e8466fd748
0x000000e8466fd6f8:   0000000800044700 00000000c512f990
0x000000e8466fd708:   0000027626079084 00000000c4370768
0x000000e8466fd718:   00000000c31b3be8 00000000c4370868
0x000000e8466fd728:   00000000c4370790 00000000c31b3be8
0x000000e8466fd738:   00000276262e7b14 00000000c4370768
0x000000e8466fd748:   000002762d3b3f76 0000000000000168
0x000000e8466fd758:   00007ffcd76213f9 000002763cf1ab80
0x000000e8466fd768:   0000027642ba6fd0 00000000c4370748 

Instructions: (pc=0x0000027625840504)
0x0000027625840404:   00 00 00 00 01 00 00 00 00 00 00 00 48 39 8d d7
0x0000027625840414:   fc 7f 00 00 00 00 00 00 10 10 00 00 68 00 00 00
0x0000027625840424:   ff ff ff ff 10 10 00 00 00 00 00 00 80 04 84 25
0x0000027625840434:   76 02 00 00 20 14 84 25 76 02 00 00 80 04 84 25
0x0000027625840444:   76 02 00 00 20 14 84 25 76 02 00 00 78 04 84 25
0x0000027625840454:   76 02 00 00 78 04 84 25 76 02 00 00 00 00 00 00
0x0000027625840464:   00 00 00 00 00 00 00 00 00 00 00 00 08 3a 8d d7
0x0000027625840474:   fc 7f 00 00 00 00 00 00 00 00 00 00 f4 66 66 66
0x0000027625840484:   0f 1f 84 00 00 00 00 00 66 66 66 90 66 66 66 0f
0x0000027625840494:   1f 84 00 00 00 00 00 66 66 66 90 90 48 8b 53 08
0x00000276258404a4:   0f b7 52 2c 48 8b 0c d4 8b 59 14 8b 5b 28 8b 5b
0x00000276258404b4:   24 48 8b 5b 10 48 85 db 0f 84 10 00 00 00 41 80
0x00000276258404c4:   bf 80 04 00 00 00 74 03 ff 63 38 ff 63 50 e9 29
0x00000276258404d4:   16 00 00 66 0f 1f 84 00 00 00 00 00 48 8b 53 08
0x00000276258404e4:   0f b7 52 2c 48 8b 0c d4 58 5b 50 44 8b 51 08 49
0x00000276258404f4:   bb 00 00 00 00 08 00 00 00 4d 03 d3 4c 8b 5b 10
0x0000027625840504:   4b 8b 9c da b8 01 00 00 48 85 db 0f 84 10 00 00
0x0000027625840514:   00 41 80 bf 80 04 00 00 00 74 03 ff 63 38 ff 63
0x0000027625840524:   50 e9 d6 15 00 00 66 66 66 0f 1f 84 00 00 00 00
0x0000027625840534:   00 66 66 66 90 0f 1f 80 00 00 00 00 58 5b 50 8b
0x0000027625840544:   5b 24 48 8b 5b 10 48 85 db 0f 84 10 00 00 00 41
0x0000027625840554:   80 bf 80 04 00 00 00 74 03 ff 63 38 ff 63 50 e9
0x0000027625840564:   98 15 00 00 66 66 66 0f 1f 84 00 00 00 00 00 66
0x0000027625840574:   66 66 90 66 0f 1f 84 00 00 00 00 00 48 8b 53 08
0x0000027625840584:   0f b7 52 2c 48 8b 0c d4 58 5b 50 48 3b 01 8b 5b
0x0000027625840594:   24 48 8b 5b 10 48 85 db 0f 84 10 00 00 00 41 80
0x00000276258405a4:   bf 80 04 00 00 00 74 03 ff 63 38 ff 63 50 e9 49
0x00000276258405b4:   15 00 00 66 0f 1f 84 00 00 00 00 00 48 8b 53 08
0x00000276258405c4:   0f b7 52 2c 48 8b 0c d4 58 5b 50 44 8b 51 08 49
0x00000276258405d4:   bb 00 00 00 00 08 00 00 00 4d 03 d3 8b 43 18 48
0x00000276258405e4:   8b 40 10 48 8b 5b 10 45 8b 9a a0 00 00 00 4f 8d
0x00000276258405f4:   9c da b8 01 00 00 4d 8d 14 da 49 8b 1b 48 3b c3 


Stack slot to memory mapping:
stack at sp + 0 slots: 0x000002762580a42c is at code_begin+4812 in an Interpreter codelet
return entry points  [0x0000027625809160, 0x000002762580b380]  8736 bytes
stack at sp + 1 slots: 0x000000e8466fd680 is pointing into the stack for thread: 0x0000027642ba6fd0
stack at sp + 2 slots: 0x00000008006dd3f2 is pointing into metadata
stack at sp + 3 slots: 0x000000e8466fd6e8 is pointing into the stack for thread: 0x0000027642ba6fd0
stack at sp + 4 slots: 0x00000008000c4a00 is pointing into metadata
stack at sp + 5 slots: 0x000002763c955e68 is pointing into metadata
stack at sp + 6 slots: 0x00000000c202eba8 is an oop: java.lang.Class 
{0x00000000c202eba8} - klass: 'java/lang/Class'
 - ---- fields (total size 14 words):
 - private volatile transient 'classRedefinedCount' 'I' @12  0
 - abstract internal 'klass' 'J' @16  34360542752 (c4620 8)
 - abstract internal 'array_klass' 'J' @24  0 (0 0)
 - abstract internal 'oop_size' 'I' @32  14 (e)
 - abstract internal 'static_oop_field_count' 'I' @36  0
 - private volatile transient 'cachedConstructor' 'Ljava/lang/reflect/Constructor;' @40  NULL (0)
 - private transient 'name' 'Ljava/lang/String;' @44  NULL (0)
 - private transient 'module' 'Ljava/lang/Module;' @48  a 'java/lang/Module'{0x00000000c2050930} (c2050930)
 - private final 'classLoader' 'Ljava/lang/ClassLoader;' @52  NULL (0)
 - private transient 'classData' 'Ljava/lang/Object;' @56  NULL (0)
 - private transient 'packageName' 'Ljava/lang/String;' @60  NULL (0)
 - private final 'componentType' 'Ljava/lang/Class;' @64  NULL (0)
 - private volatile transient 'reflectionData' 'Ljava/lang/ref/SoftReference;' @68  NULL (0)
 - private volatile transient 'genericInfo' 'Lsun/reflect/generics/repository/ClassRepository;' @72  NULL (0)
 - private volatile transient 'enumConstants' '[Ljava/lang/Object;' @76  NULL (0)
 - private volatile transient 'enumConstantDirectory' 'Ljava/util/Map;' @80  NULL (0)
 - private volatile transient 'annotationData' 'Ljava/lang/Class$AnnotationData;' @84  NULL (0)
 - private volatile transient 'annotationType' 'Lsun/reflect/annotation/AnnotationType;' @88  NULL (0)
 - transient 'classValueMap' 'Ljava/lang/ClassValue$ClassValueMap;' @92  NULL (0)
 - abstract internal 'protection_domain' 'Ljava/lang/Object;' @96  NULL (0)
 - abstract internal 'signers_name' 'Ljava/lang/Object;' @100  NULL (0)
 - abstract internal 'source_file' 'Ljava/lang/Object;' @104  NULL (0)
 - signature: Ljava/lang/invoke/DirectMethodHandle$Holder;
 - ---- static fields (0):
stack at sp + 7 slots: {method} {0x00000008000c72e0} 'invokeVirtual' '(Ljava/lang/Object;Ljava/lang/Object;)Ljava/lang/Object;' in 'java/lang/invoke/DirectMethodHandle$Holder'

MethodHandle::interpreter_entry::_linkToVirtual [0x00000276258404d7, 0x000002762584052a] (83 bytes)
[MachCode]
  0x00000276258404d7: 660f 1f84 | 0000 0000 | 0048 8b53 | 080f b752 | 2c48 8b0c | d458 5b50 | 448b 5108 | 49bb 0000 
  0x00000276258404f7: 0000 0800 | 0000 4d03 | d34c 8b5b | 104b 8b9c | dab8 0100 | 0048 85db | 0f84 1000 | 0000 4180 
  0x0000027625840517: bf80 0400 | 0000 7403 | ff63 38ff | 6350 e9d6 | 
[/MachCode]

---------------  P R O C E S S  ---------------

Threads class SMR info:
_java_thread_list=0x000002763e7ba8e0, length=33, elements={
0x000002761c7776a0, 0x000002761c778c30, 0x000002761c790730, 0x000002761c790fe0,
0x000002761c792170, 0x000002761c794c40, 0x000002761c799440, 0x000002761c79dcd0,
0x000002761c79e970, 0x00000276399ae720, 0x000002763dcbff00, 0x000002763dcd2880,
0x000002763dd02fe0, 0x000002763e4fd130, 0x000002763e863f50, 0x0000027641d5d5d0,
0x000002763eb24c70, 0x000002763eb25610, 0x000002763eb25ae0, 0x0000027642ba9ff0,
0x0000027642ba6fd0, 0x0000027642ba74a0, 0x0000027642bae350, 0x0000027642ba7970,
0x0000027642bacb40, 0x0000027642bad9b0, 0x0000027642bae820, 0x0000027642ba9180,
0x0000027642ba8cb0, 0x0000027642bade80, 0x0000027642bab800, 0x0000027642ba8310,
0x0000027642ba87e0
}

Java Threads: ( => current thread )
  0x000002761c7776a0 JavaThread "Reference Handler" daemon [_thread_blocked, id=12120, stack(0x000000e844a00000,0x000000e844b00000)]
  0x000002761c778c30 JavaThread "Finalizer" daemon [_thread_blocked, id=18328, stack(0x000000e844b00000,0x000000e844c00000)]
  0x000002761c790730 JavaThread "Signal Dispatcher" daemon [_thread_blocked, id=18252, stack(0x000000e844c00000,0x000000e844d00000)]
  0x000002761c790fe0 JavaThread "Attach Listener" daemon [_thread_blocked, id=13176, stack(0x000000e844d00000,0x000000e844e00000)]
  0x000002761c792170 JavaThread "Service Thread" daemon [_thread_blocked, id=6636, stack(0x000000e844e00000,0x000000e844f00000)]
  0x000002761c794c40 JavaThread "Monitor Deflation Thread" daemon [_thread_blocked, id=17960, stack(0x000000e844f00000,0x000000e845000000)]
  0x000002761c799440 JavaThread "C2 CompilerThread0" daemon [_thread_blocked, id=7008, stack(0x000000e845000000,0x000000e845100000)]
  0x000002761c79dcd0 JavaThread "C1 CompilerThread0" daemon [_thread_blocked, id=4436, stack(0x000000e845100000,0x000000e845200000)]
  0x000002761c79e970 JavaThread "Sweeper thread" daemon [_thread_blocked, id=16284, stack(0x000000e845200000,0x000000e845300000)]
  0x00000276399ae720 JavaThread "Common-Cleaner" daemon [_thread_blocked, id=15164, stack(0x000000e845300000,0x000000e845400000)]
  0x000002763dcbff00 JavaThread "JDWP Transport Listener: dt_socket" daemon [_thread_blocked, id=6480, stack(0x000000e845400000,0x000000e845500000)]
  0x000002763dcd2880 JavaThread "JDWP Event Helper Thread" daemon [_thread_blocked, id=7628, stack(0x000000e845500000,0x000000e845600000)]
  0x000002763dd02fe0 JavaThread "JDWP Command Reader" daemon [_thread_in_native, id=3096, stack(0x000000e845600000,0x000000e845700000)]
  0x000002763e4fd130 JavaThread "Notification Thread" daemon [_thread_blocked, id=9112, stack(0x000000e845800000,0x000000e845900000)]
  0x000002763e863f50 JavaThread "Catalina-utility-1" [_thread_blocked, id=10472, stack(0x000000e846000000,0x000000e846100000)]
  0x0000027641d5d5d0 JavaThread "Catalina-utility-2" [_thread_blocked, id=8836, stack(0x000000e846100000,0x000000e846200000)]
  0x000002763eb24c70 JavaThread "container-0" [_thread_blocked, id=16740, stack(0x000000e846200000,0x000000e846300000)]
  0x000002763eb25610 JavaThread "PostgreSQL-JDBC-Cleaner" daemon [_thread_blocked, id=16016, stack(0x000000e846400000,0x000000e846500000)]
  0x000002763eb25ae0 JavaThread "HikariPool-1 housekeeper" daemon [_thread_blocked, id=14620, stack(0x000000e846500000,0x000000e846600000)]
  0x0000027642ba9ff0 JavaThread "Live Reload Server" daemon [_thread_in_native, id=14404, stack(0x000000e846700000,0x000000e846800000)]
=>0x0000027642ba6fd0 JavaThread "http-nio-2345-exec-1" daemon [_thread_in_Java, id=16564, stack(0x000000e846600000,0x000000e846700000)]
  0x0000027642ba74a0 JavaThread "http-nio-2345-exec-2" daemon [_thread_blocked, id=7224, stack(0x000000e846800000,0x000000e846900000)]
  0x0000027642bae350 JavaThread "http-nio-2345-exec-3" daemon [_thread_blocked, id=4428, stack(0x000000e846900000,0x000000e846a00000)]
  0x0000027642ba7970 JavaThread "http-nio-2345-exec-4" daemon [_thread_blocked, id=11280, stack(0x000000e846a00000,0x000000e846b00000)]
  0x0000027642bacb40 JavaThread "http-nio-2345-exec-5" daemon [_thread_blocked, id=7512, stack(0x000000e846b00000,0x000000e846c00000)]
  0x0000027642bad9b0 JavaThread "http-nio-2345-exec-6" daemon [_thread_blocked, id=3192, stack(0x000000e846c00000,0x000000e846d00000)]
  0x0000027642bae820 JavaThread "http-nio-2345-exec-7" daemon [_thread_blocked, id=9460, stack(0x000000e846d00000,0x000000e846e00000)]
  0x0000027642ba9180 JavaThread "http-nio-2345-exec-8" daemon [_thread_blocked, id=1880, stack(0x000000e846e00000,0x000000e846f00000)]
  0x0000027642ba8cb0 JavaThread "http-nio-2345-exec-9" daemon [_thread_blocked, id=13840, stack(0x000000e846f00000,0x000000e847000000)]
  0x0000027642bade80 JavaThread "http-nio-2345-exec-10" daemon [_thread_blocked, id=2840, stack(0x000000e847000000,0x000000e847100000)]
  0x0000027642bab800 JavaThread "http-nio-2345-Poller" daemon [_thread_in_native, id=11236, stack(0x000000e847100000,0x000000e847200000)]
  0x0000027642ba8310 JavaThread "DestroyJavaVM" [_thread_blocked, id=6672, stack(0x000000e844300000,0x000000e844400000)]
  0x0000027642ba87e0 JavaThread "Thread-5" [_thread_blocked, id=16388, stack(0x000000e844000000,0x000000e844100000)]

Other Threads:
  0x000002761c771fd0 VMThread "VM Thread" [stack: 0x000000e844900000,0x000000e844a00000] [id=11128]
  0x000002763e4752c0 WatcherThread "VM Periodic Task Thread" [stack: 0x000000e845900000,0x000000e845a00000] [id=10652]
  0x000002761c59d7e0 WorkerThread "GC Thread#0" [stack: 0x000000e844400000,0x000000e844500000] [id=15980]
  0x000002763e673600 WorkerThread "GC Thread#1" [stack: 0x000000e845a00000,0x000000e845b00000] [id=9468]
  0x000002763e64eb60 WorkerThread "GC Thread#2" [stack: 0x000000e845b00000,0x000000e845c00000] [id=16528]
  0x000002763e755980 WorkerThread "GC Thread#3" [stack: 0x000000e845c00000,0x000000e845d00000] [id=13444]
  0x000002761c59ea50 ConcurrentGCThread "G1 Main Marker" [stack: 0x000000e844500000,0x000000e844600000] [id=15904]
  0x000002761c728220 WorkerThread "G1 Conc#0" [stack: 0x000000e844600000,0x000000e844700000] [id=12368]
  0x000002761c7504f0 ConcurrentGCThread "G1 Refine#0" [stack: 0x000000e844700000,0x000000e844800000] [id=14560]
  0x000002763e755c20 ConcurrentGCThread "G1 Refine#1" [stack: 0x000000e845d00000,0x000000e845e00000] [id=18380]
  0x000002761c750d10 ConcurrentGCThread "G1 Service" [stack: 0x000000e844800000,0x000000e844900000] [id=7568]

Threads with active compile tasks:

VM state: not at safepoint (normal execution)

VM Mutex/Monitor currently owned by a thread: None

Heap address: 0x00000000c1c00000, size: 996 MB, Compressed Oops mode: 32-bit

CDS archive(s) mapped at: [0x0000000800000000-0x0000000800ba0000-0x0000000800ba0000), size 12189696, SharedBaseAddress: 0x0000000800000000, ArchiveRelocationMode: 0.
Compressed class space mapped at: 0x0000000800c00000-0x0000000840c00000, reserved size: 1073741824
Narrow klass base: 0x0000000800000000, Narrow klass shift: 0, Narrow klass range: 0x100000000

GC Precious Log:
 CardTable entry size: 512
 Card Set container configuration: InlinePtr #cards 5 size 8 Array Of Cards #cards 12 size 40 Howl #buckets 4 coarsen threshold 1843 Howl Bitmap #cards 512 size 80 coarsen threshold 460 Card regions per heap region 1 cards per card region 2048
 CPUs: 4 total, 4 available
 Memory: 3977M
 Large Page Support: Disabled
 NUMA Support: Disabled
 Compressed Oops: Enabled (32-bit)
 Heap Region Size: 1M
 Heap Min Capacity: 8M
 Heap Initial Capacity: 64M
 Heap Max Capacity: 996M
 Pre-touch: Disabled
 Parallel Workers: 4
 Concurrent Workers: 1
 Concurrent Refinement Workers: 4
 Periodic GC: Disabled

Heap:
 garbage-first heap   total 84992K, used 36494K [0x00000000c1c00000, 0x0000000100000000)
  region size 1024K, 11 young (11264K), 3 survivors (3072K)
 Metaspace       used 64522K, committed 65216K, reserved 1114112K
  class space    used 8508K, committed 8832K, reserved 1048576K

Heap Regions: E=young(eden), S=young(survivor), O=old, HS=humongous(starts), HC=humongous(continues), CS=collection set, F=free, OA=open archive, CA=closed archive, TAMS=top-at-mark-start (previous, next)
|   0|0x00000000c1c00000, 0x00000000c1d00000, 0x00000000c1d00000|100%|HS|  |TAMS 0x00000000c1d00000, 0x00000000c1c00000| Complete 
|   1|0x00000000c1d00000, 0x00000000c1e00000, 0x00000000c1e00000|100%| O|  |TAMS 0x00000000c1e00000, 0x00000000c1d00000| Untracked 
|   2|0x00000000c1e00000, 0x00000000c1f00000, 0x00000000c1f00000|100%| O|  |TAMS 0x00000000c1f00000, 0x00000000c1e00000| Untracked 
|   3|0x00000000c1f00000, 0x00000000c2000000, 0x00000000c2000000|100%| O|  |TAMS 0x00000000c2000000, 0x00000000c1f00000| Untracked 
|   4|0x00000000c2000000, 0x00000000c2100000, 0x00000000c2100000|100%| O|  |TAMS 0x00000000c2100000, 0x00000000c2000000| Untracked 
|   5|0x00000000c2100000, 0x00000000c2200000, 0x00000000c2200000|100%| O|  |TAMS 0x00000000c2200000, 0x00000000c2100000| Untracked 
|   6|0x00000000c2200000, 0x00000000c2300000, 0x00000000c2300000|100%| O|  |TAMS 0x00000000c2300000, 0x00000000c2200000| Untracked 
|   7|0x00000000c2300000, 0x00000000c2400000, 0x00000000c2400000|100%| O|  |TAMS 0x00000000c2400000, 0x00000000c2300000| Untracked 
|   8|0x00000000c2400000, 0x00000000c2500000, 0x00000000c2500000|100%| O|  |TAMS 0x00000000c2500000, 0x00000000c2400000| Untracked 
|   9|0x00000000c2500000, 0x00000000c2562800, 0x00000000c2600000| 38%| O|  |TAMS 0x00000000c2562800, 0x00000000c2500000| Untracked 
|  10|0x00000000c2600000, 0x00000000c2700000, 0x00000000c2700000|100%| O|  |TAMS 0x00000000c2700000, 0x00000000c2600000| Untracked 
|  11|0x00000000c2700000, 0x00000000c2800000, 0x00000000c2800000|100%| O|  |TAMS 0x00000000c2800000, 0x00000000c2700000| Untracked 
|  12|0x00000000c2800000, 0x00000000c2900000, 0x00000000c2900000|100%| O|  |TAMS 0x00000000c2900000, 0x00000000c2800000| Untracked 
|  13|0x00000000c2900000, 0x00000000c2a00000, 0x00000000c2a00000|100%| O|  |TAMS 0x00000000c2a00000, 0x00000000c2900000| Untracked 
|  14|0x00000000c2a00000, 0x00000000c2b00000, 0x00000000c2b00000|100%| O|  |TAMS 0x00000000c2b00000, 0x00000000c2a00000| Untracked 
|  15|0x00000000c2b00000, 0x00000000c2c00000, 0x00000000c2c00000|100%| O|  |TAMS 0x00000000c2c00000, 0x00000000c2b00000| Untracked 
|  16|0x00000000c2c00000, 0x00000000c2d00000, 0x00000000c2d00000|100%| O|  |TAMS 0x00000000c2d00000, 0x00000000c2c00000| Untracked 
|  17|0x00000000c2d00000, 0x00000000c2e00000, 0x00000000c2e00000|100%| O|  |TAMS 0x00000000c2e00000, 0x00000000c2d00000| Untracked 
|  18|0x00000000c2e00000, 0x00000000c2f00000, 0x00000000c2f00000|100%| O|  |TAMS 0x00000000c2f00000, 0x00000000c2e00000| Untracked 
|  19|0x00000000c2f00000, 0x00000000c3000000, 0x00000000c3000000|100%| O|  |TAMS 0x00000000c3000000, 0x00000000c2f00000| Untracked 
|  20|0x00000000c3000000, 0x00000000c3100000, 0x00000000c3100000|100%| O|  |TAMS 0x00000000c3100000, 0x00000000c3000000| Untracked 
|  21|0x00000000c3100000, 0x00000000c3200000, 0x00000000c3200000|100%| O|  |TAMS 0x00000000c3200000, 0x00000000c3100000| Untracked 
|  22|0x00000000c3200000, 0x00000000c3300000, 0x00000000c3300000|100%| O|  |TAMS 0x00000000c3300000, 0x00000000c3200000| Untracked 
|  23|0x00000000c3300000, 0x00000000c3400000, 0x00000000c3400000|100%| O|  |TAMS 0x00000000c332fc00, 0x00000000c3300000| Untracked 
|  24|0x00000000c3400000, 0x00000000c3500000, 0x00000000c3500000|100%| O|  |TAMS 0x00000000c3400000, 0x00000000c3400000| Untracked 
|  25|0x00000000c3500000, 0x00000000c3600000, 0x00000000c3600000|100%| O|  |TAMS 0x00000000c3500000, 0x00000000c3500000| Untracked 
|  26|0x00000000c3600000, 0x00000000c3698600, 0x00000000c3700000| 59%| O|  |TAMS 0x00000000c3600000, 0x00000000c3600000| Untracked 
|  27|0x00000000c3700000, 0x00000000c3700000, 0x00000000c3800000|  0%| F|  |TAMS 0x00000000c3700000, 0x00000000c3700000| Untracked 
|  28|0x00000000c3800000, 0x00000000c3800000, 0x00000000c3900000|  0%| F|  |TAMS 0x00000000c3800000, 0x00000000c3800000| Untracked 
|  29|0x00000000c3900000, 0x00000000c3900000, 0x00000000c3a00000|  0%| F|  |TAMS 0x00000000c3900000, 0x00000000c3900000| Untracked 
|  30|0x00000000c3a00000, 0x00000000c3a00000, 0x00000000c3b00000|  0%| F|  |TAMS 0x00000000c3a00000, 0x00000000c3a00000| Untracked 
|  31|0x00000000c3b00000, 0x00000000c3b00000, 0x00000000c3c00000|  0%| F|  |TAMS 0x00000000c3b00000, 0x00000000c3b00000| Untracked 
|  32|0x00000000c3c00000, 0x00000000c3c00000, 0x00000000c3d00000|  0%| F|  |TAMS 0x00000000c3c00000, 0x00000000c3c00000| Untracked 
|  33|0x00000000c3d00000, 0x00000000c3d00000, 0x00000000c3e00000|  0%| F|  |TAMS 0x00000000c3d00000, 0x00000000c3d00000| Untracked 
|  34|0x00000000c3e00000, 0x00000000c3e00000, 0x00000000c3f00000|  0%| F|  |TAMS 0x00000000c3e00000, 0x00000000c3e00000| Untracked 
|  35|0x00000000c3f00000, 0x00000000c3f00000, 0x00000000c4000000|  0%| F|  |TAMS 0x00000000c3f00000, 0x00000000c3f00000| Untracked 
|  36|0x00000000c4000000, 0x00000000c4000000, 0x00000000c4100000|  0%| F|  |TAMS 0x00000000c4000000, 0x00000000c4000000| Untracked 
|  37|0x00000000c4100000, 0x00000000c41a8d00, 0x00000000c4200000| 65%| S|CS|TAMS 0x00000000c4100000, 0x00000000c4100000| Complete 
|  38|0x00000000c4200000, 0x00000000c4300000, 0x00000000c4300000|100%| S|CS|TAMS 0x00000000c4200000, 0x00000000c4200000| Complete 
|  39|0x00000000c4300000, 0x00000000c4400000, 0x00000000c4400000|100%| S|CS|TAMS 0x00000000c4300000, 0x00000000c4300000| Complete 
|  40|0x00000000c4400000, 0x00000000c4400000, 0x00000000c4500000|  0%| F|  |TAMS 0x00000000c4400000, 0x00000000c4400000| Untracked 
|  41|0x00000000c4500000, 0x00000000c4500000, 0x00000000c4600000|  0%| F|  |TAMS 0x00000000c4500000, 0x00000000c4500000| Untracked 
|  42|0x00000000c4600000, 0x00000000c4600000, 0x00000000c4700000|  0%| F|  |TAMS 0x00000000c4600000, 0x00000000c4600000| Untracked 
|  43|0x00000000c4700000, 0x00000000c4700000, 0x00000000c4800000|  0%| F|  |TAMS 0x00000000c4700000, 0x00000000c4700000| Untracked 
|  44|0x00000000c4800000, 0x00000000c4800000, 0x00000000c4900000|  0%| F|  |TAMS 0x00000000c4800000, 0x00000000c4800000| Untracked 
|  45|0x00000000c4900000, 0x00000000c4900000, 0x00000000c4a00000|  0%| F|  |TAMS 0x00000000c4900000, 0x00000000c4900000| Untracked 
|  46|0x00000000c4a00000, 0x00000000c4a00000, 0x00000000c4b00000|  0%| F|  |TAMS 0x00000000c4a00000, 0x00000000c4a00000| Untracked 
|  47|0x00000000c4b00000, 0x00000000c4b00000, 0x00000000c4c00000|  0%| F|  |TAMS 0x00000000c4b00000, 0x00000000c4b00000| Untracked 
|  48|0x00000000c4c00000, 0x00000000c4c00000, 0x00000000c4d00000|  0%| F|  |TAMS 0x00000000c4c00000, 0x00000000c4c00000| Untracked 
|  49|0x00000000c4d00000, 0x00000000c4d00000, 0x00000000c4e00000|  0%| F|  |TAMS 0x00000000c4d00000, 0x00000000c4d00000| Untracked 
|  50|0x00000000c4e00000, 0x00000000c4e00000, 0x00000000c4f00000|  0%| F|  |TAMS 0x00000000c4e00000, 0x00000000c4e00000| Untracked 
|  51|0x00000000c4f00000, 0x00000000c4f00000, 0x00000000c5000000|  0%| F|  |TAMS 0x00000000c4f00000, 0x00000000c4f00000| Untracked 
|  52|0x00000000c5000000, 0x00000000c5000000, 0x00000000c5100000|  0%| F|  |TAMS 0x00000000c5000000, 0x00000000c5000000| Untracked 
|  53|0x00000000c5100000, 0x00000000c5100000, 0x00000000c5200000|  0%| F|  |TAMS 0x00000000c5100000, 0x00000000c5100000| Untracked 
|  54|0x00000000c5200000, 0x00000000c5200000, 0x00000000c5300000|  0%| F|  |TAMS 0x00000000c5200000, 0x00000000c5200000| Untracked 
|  55|0x00000000c5300000, 0x00000000c5300000, 0x00000000c5400000|  0%| F|  |TAMS 0x00000000c5300000, 0x00000000c5300000| Untracked 
|  56|0x00000000c5400000, 0x00000000c5400000, 0x00000000c5500000|  0%| F|  |TAMS 0x00000000c5400000, 0x00000000c5400000| Untracked 
|  57|0x00000000c5500000, 0x00000000c5500000, 0x00000000c5600000|  0%| F|  |TAMS 0x00000000c5500000, 0x00000000c5500000| Untracked 
|  58|0x00000000c5600000, 0x00000000c5600000, 0x00000000c5700000|  0%| F|  |TAMS 0x00000000c5600000, 0x00000000c5600000| Untracked 
|  59|0x00000000c5700000, 0x00000000c5700000, 0x00000000c5800000|  0%| F|  |TAMS 0x00000000c5700000, 0x00000000c5700000| Untracked 
|  60|0x00000000c5800000, 0x00000000c5800000, 0x00000000c5900000|  0%| F|  |TAMS 0x00000000c5800000, 0x00000000c5800000| Untracked 
|  61|0x00000000c5900000, 0x00000000c5900000, 0x00000000c5a00000|  0%| F|  |TAMS 0x00000000c5900000, 0x00000000c5900000| Untracked 
|  62|0x00000000c5a00000, 0x00000000c5a00000, 0x00000000c5b00000|  0%| F|  |TAMS 0x00000000c5a00000, 0x00000000c5a00000| Untracked 
|  63|0x00000000c5b00000, 0x00000000c5b00000, 0x00000000c5c00000|  0%| F|  |TAMS 0x00000000c5b00000, 0x00000000c5b00000| Untracked 
|  64|0x00000000c5c00000, 0x00000000c5c00000, 0x00000000c5d00000|  0%| F|  |TAMS 0x00000000c5c00000, 0x00000000c5c00000| Untracked 
|  65|0x00000000c5d00000, 0x00000000c5d00000, 0x00000000c5e00000|  0%| F|  |TAMS 0x00000000c5d00000, 0x00000000c5d00000| Untracked 
|  66|0x00000000c5e00000, 0x00000000c5e00000, 0x00000000c5f00000|  0%| F|  |TAMS 0x00000000c5e00000, 0x00000000c5e00000| Untracked 
|  67|0x00000000c5f00000, 0x00000000c5f00000, 0x00000000c6000000|  0%| F|  |TAMS 0x00000000c5f00000, 0x00000000c5f00000| Untracked 
|  68|0x00000000c6000000, 0x00000000c6000000, 0x00000000c6100000|  0%| F|  |TAMS 0x00000000c6000000, 0x00000000c6000000| Untracked 
|  69|0x00000000c6100000, 0x00000000c6100000, 0x00000000c6200000|  0%| F|  |TAMS 0x00000000c6100000, 0x00000000c6100000| Untracked 
|  70|0x00000000c6200000, 0x00000000c6200000, 0x00000000c6300000|  0%| F|  |TAMS 0x00000000c6200000, 0x00000000c6200000| Untracked 
|  71|0x00000000c6300000, 0x00000000c6300000, 0x00000000c6400000|  0%| F|  |TAMS 0x00000000c6300000, 0x00000000c6300000| Untracked 
|  72|0x00000000c6400000, 0x00000000c6400000, 0x00000000c6500000|  0%| F|  |TAMS 0x00000000c6400000, 0x00000000c6400000| Untracked 
|  73|0x00000000c6500000, 0x00000000c6500000, 0x00000000c6600000|  0%| F|  |TAMS 0x00000000c6500000, 0x00000000c6500000| Untracked 
|  74|0x00000000c6600000, 0x00000000c6600000, 0x00000000c6700000|  0%| F|  |TAMS 0x00000000c6600000, 0x00000000c6600000| Untracked 
|  75|0x00000000c6700000, 0x00000000c6800000, 0x00000000c6800000|100%| E|  |TAMS 0x00000000c6700000, 0x00000000c6700000| Complete 
|  76|0x00000000c6800000, 0x00000000c6900000, 0x00000000c6900000|100%| E|CS|TAMS 0x00000000c6800000, 0x00000000c6800000| Complete 
|  77|0x00000000c6900000, 0x00000000c6a00000, 0x00000000c6a00000|100%| E|CS|TAMS 0x00000000c6900000, 0x00000000c6900000| Complete 
|  78|0x00000000c6a00000, 0x00000000c6b00000, 0x00000000c6b00000|100%| E|CS|TAMS 0x00000000c6a00000, 0x00000000c6a00000| Complete 
|  79|0x00000000c6b00000, 0x00000000c6c00000, 0x00000000c6c00000|100%| E|CS|TAMS 0x00000000c6b00000, 0x00000000c6b00000| Complete 
|  80|0x00000000c6c00000, 0x00000000c6d00000, 0x00000000c6d00000|100%| E|CS|TAMS 0x00000000c6c00000, 0x00000000c6c00000| Complete 
|  81|0x00000000c6d00000, 0x00000000c6e00000, 0x00000000c6e00000|100%| E|CS|TAMS 0x00000000c6d00000, 0x00000000c6d00000| Complete 
|  82|0x00000000c6e00000, 0x00000000c6f00000, 0x00000000c6f00000|100%| E|CS|TAMS 0x00000000c6e00000, 0x00000000c6e00000| Complete 

Card table byte_map: [0x0000027635020000,0x0000027635220000] _byte_map_base: 0x0000027634a12000

Marking Bits (Prev, Next): (CMBitMap*) 0x000002761c59dc30, (CMBitMap*) 0x000002761c59dbf0
 Prev Bits: [0x00000276363b0000, 0x0000027637340000)
 Next Bits: [0x0000027635420000, 0x00000276363b0000)

Polling page: 0x000002761c7a0000

Metaspace:

Usage:
  Non-class:     54.70 MB used.
      Class:      8.31 MB used.
       Both:     63.01 MB used.

Virtual space:
  Non-class space:       64.00 MB reserved,      55.06 MB ( 86%) committed,  1 nodes.
      Class space:        1.00 GB reserved,       8.62 MB ( <1%) committed,  1 nodes.
             Both:        1.06 GB reserved,      63.69 MB (  6%) committed. 

Chunk freelists:
   Non-Class:  865.00 KB
       Class:  3.22 MB
        Both:  4.06 MB

MaxMetaspaceSize: unlimited
CompressedClassSpaceSize: 1.00 GB
Initial GC threshold: 21.00 MB
Current GC threshold: 98.25 MB
CDS: on
MetaspaceReclaimPolicy: balanced
 - commit_granule_bytes: 65536.
 - commit_granule_words: 8192.
 - virtual_space_node_default_size: 8388608.
 - enlarge_chunks_in_place: 1.
 - new_chunks_are_fully_committed: 0.
 - uncommit_free_chunks: 1.
 - use_allocation_guard: 0.


Internal statistics:

num_allocs_failed_limit: 9.
num_arena_births: 888.
num_arena_deaths: 0.
num_vsnodes_births: 2.
num_vsnodes_deaths: 0.
num_space_committed: 1019.
num_space_uncommitted: 0.
num_chunks_returned_to_freelist: 9.
num_chunks_taken_from_freelist: 3147.
num_chunk_merges: 9.
num_chunk_splits: 2325.
num_chunks_enlarged: 1897.
num_inconsistent_stats: 0.

CodeHeap 'non-profiled nmethods': size=120000Kb used=3759Kb max_used=3759Kb free=116240Kb
 bounds [0x000002762d2d0000, 0x000002762d680000, 0x0000027634800000]
CodeHeap 'profiled nmethods': size=120000Kb used=11498Kb max_used=11498Kb free=108501Kb
 bounds [0x0000027625da0000, 0x00000276268e0000, 0x000002762d2d0000]
CodeHeap 'non-nmethods': size=5760Kb used=1399Kb max_used=1488Kb free=4361Kb
 bounds [0x0000027625800000, 0x0000027625a70000, 0x0000027625da0000]
 total_blobs=6394 nmethods=5742 adapters=564
 compilation: enabled
              stopped_count=0, restarted_count=0
 full_count=0

Compilation events (20 events):
Event: 170.850 Thread 0x000002761c79dcd0 6462       1       org.apache.catalina.LifecycleState::isAvailable (5 bytes)
Event: 170.851 Thread 0x000002761c79dcd0 nmethod 6462 0x000002762d678510 code [0x000002762d6786a0, 0x000002762d678778]
Event: 170.851 Thread 0x000002761c79dcd0 6463       3       java.util.concurrent.locks.AbstractQueuedSynchronizer::releaseShared (19 bytes)
Event: 170.851 Thread 0x000002761c79dcd0 nmethod 6463 0x00000276268d5990 code [0x00000276268d5b80, 0x00000276268d6028]
Event: 170.851 Thread 0x000002761c79dcd0 6464       3       java.util.concurrent.locks.ReentrantReadWriteLock$ReadLock::lock (9 bytes)
Event: 170.852 Thread 0x000002761c79dcd0 nmethod 6464 0x00000276268d6190 code [0x00000276268d6340, 0x00000276268d6488]
Event: 175.333 Thread 0x000002761c799440 6465       4       java.util.LinkedHashMap$LinkedKeySet::size (8 bytes)
Event: 175.334 Thread 0x000002761c799440 nmethod 6465 0x000002762d678810 code [0x000002762d678980, 0x000002762d678a18]
Event: 177.760 Thread 0x000002761c79dcd0 6466       3       java.util.concurrent.locks.AbstractQueuedSynchronizer::signalNext (34 bytes)
Event: 177.761 Thread 0x000002761c79dcd0 nmethod 6466 0x00000276268d6590 code [0x00000276268d6760, 0x00000276268d6a38]
Event: 180.750 Thread 0x000002761c79dcd0 6467       3       java.util.concurrent.ScheduledThreadPoolExecutor$ScheduledFutureTask::isPeriodic (15 bytes)
Event: 180.751 Thread 0x000002761c79dcd0 nmethod 6467 0x00000276268d6b90 code [0x00000276268d6d20, 0x00000276268d6e98]
Event: 180.859 Thread 0x000002761c79dcd0 6468       3       java.util.concurrent.locks.ReentrantReadWriteLock::readLock (5 bytes)
Event: 180.859 Thread 0x000002761c79dcd0 nmethod 6468 0x00000276268d6f10 code [0x00000276268d70a0, 0x00000276268d71d8]
Event: 180.859 Thread 0x000002761c79dcd0 6469       1       org.apache.catalina.valves.ValveBase::getNext (5 bytes)
Event: 180.859 Thread 0x000002761c79dcd0 nmethod 6469 0x000002762d678b10 code [0x000002762d678ca0, 0x000002762d678d78]
Event: 190.755 Thread 0x000002761c799440 6470       4       java.util.concurrent.locks.ReentrantLock::unlock (10 bytes)
Event: 190.761 Thread 0x000002761c799440 nmethod 6470 0x000002762d678e10 code [0x000002762d678fa0, 0x000002762d6791c8]
Event: 192.751 Thread 0x000002761c799440 6471       4       java.lang.Thread::interrupted (23 bytes)
Event: 192.752 Thread 0x000002761c799440 nmethod 6471 0x000002762d679410 code [0x000002762d679580, 0x000002762d679618]

GC Heap History (20 events):
Event: 15.903 GC heap before
{Heap before GC invocations=19 (full 0):
 garbage-first heap   total 58368K, used 45984K [0x00000000c1c00000, 0x0000000100000000)
  region size 1024K, 29 young (29696K), 3 survivors (3072K)
 Metaspace       used 46583K, committed 47168K, reserved 1114112K
  class space    used 5906K, committed 6208K, reserved 1048576K
}
Event: 15.908 GC heap after
{Heap after GC invocations=20 (full 0):
 garbage-first heap   total 58368K, used 20986K [0x00000000c1c00000, 0x0000000100000000)
  region size 1024K, 3 young (3072K), 3 survivors (3072K)
 Metaspace       used 46583K, committed 47168K, reserved 1114112K
  class space    used 5906K, committed 6208K, reserved 1048576K
}
Event: 16.613 GC heap before
{Heap before GC invocations=20 (full 0):
 garbage-first heap   total 58368K, used 47610K [0x00000000c1c00000, 0x0000000100000000)
  region size 1024K, 29 young (29696K), 3 survivors (3072K)
 Metaspace       used 48978K, committed 49536K, reserved 1114112K
  class space    used 6306K, committed 6592K, reserved 1048576K
}
Event: 16.619 GC heap after
{Heap after GC invocations=21 (full 0):
 garbage-first heap   total 58368K, used 21313K [0x00000000c1c00000, 0x0000000100000000)
  region size 1024K, 3 young (3072K), 3 survivors (3072K)
 Metaspace       used 48978K, committed 49536K, reserved 1114112K
  class space    used 6306K, committed 6592K, reserved 1048576K
}
Event: 17.500 GC heap before
{Heap before GC invocations=21 (full 0):
 garbage-first heap   total 58368K, used 45889K [0x00000000c1c00000, 0x0000000100000000)
  region size 1024K, 28 young (28672K), 3 survivors (3072K)
 Metaspace       used 51350K, committed 51904K, reserved 1114112K
  class space    used 6667K, committed 6976K, reserved 1048576K
}
Event: 17.511 GC heap after
{Heap after GC invocations=22 (full 0):
 garbage-first heap   total 58368K, used 22342K [0x00000000c1c00000, 0x0000000100000000)
  region size 1024K, 3 young (3072K), 3 survivors (3072K)
 Metaspace       used 51350K, committed 51904K, reserved 1114112K
  class space    used 6667K, committed 6976K, reserved 1048576K
}
Event: 18.083 GC heap before
{Heap before GC invocations=22 (full 0):
 garbage-first heap   total 58368K, used 46918K [0x00000000c1c00000, 0x0000000100000000)
  region size 1024K, 28 young (28672K), 3 survivors (3072K)
 Metaspace       used 53736K, committed 54336K, reserved 1114112K
  class space    used 6956K, committed 7232K, reserved 1048576K
}
Event: 18.093 GC heap after
{Heap after GC invocations=23 (full 0):
 garbage-first heap   total 58368K, used 23235K [0x00000000c1c00000, 0x0000000100000000)
  region size 1024K, 3 young (3072K), 3 survivors (3072K)
 Metaspace       used 53736K, committed 54336K, reserved 1114112K
  class space    used 6956K, committed 7232K, reserved 1048576K
}
Event: 18.569 GC heap before
{Heap before GC invocations=23 (full 0):
 garbage-first heap   total 58368K, used 46787K [0x00000000c1c00000, 0x0000000100000000)
  region size 1024K, 27 young (27648K), 3 survivors (3072K)
 Metaspace       used 55137K, committed 55744K, reserved 1114112K
  class space    used 7130K, committed 7424K, reserved 1048576K
}
Event: 18.577 GC heap after
{Heap after GC invocations=24 (full 0):
 garbage-first heap   total 70656K, used 24004K [0x00000000c1c00000, 0x0000000100000000)
  region size 1024K, 3 young (3072K), 3 survivors (3072K)
 Metaspace       used 55137K, committed 55744K, reserved 1114112K
  class space    used 7130K, committed 7424K, reserved 1048576K
}
Event: 19.145 GC heap before
{Heap before GC invocations=24 (full 0):
 garbage-first heap   total 70656K, used 56772K [0x00000000c1c00000, 0x0000000100000000)
  region size 1024K, 36 young (36864K), 3 survivors (3072K)
 Metaspace       used 57867K, committed 58496K, reserved 1114112K
  class space    used 7591K, committed 7872K, reserved 1048576K
}
Event: 19.153 GC heap after
{Heap after GC invocations=25 (full 0):
 garbage-first heap   total 70656K, used 25138K [0x00000000c1c00000, 0x0000000100000000)
  region size 1024K, 4 young (4096K), 4 survivors (4096K)
 Metaspace       used 57867K, committed 58496K, reserved 1114112K
  class space    used 7591K, committed 7872K, reserved 1048576K
}
Event: 19.570 GC heap before
{Heap before GC invocations=25 (full 0):
 garbage-first heap   total 70656K, used 57906K [0x00000000c1c00000, 0x0000000100000000)
  region size 1024K, 36 young (36864K), 4 survivors (4096K)
 Metaspace       used 58650K, committed 59264K, reserved 1114112K
  class space    used 7701K, committed 8000K, reserved 1048576K
}
Event: 19.579 GC heap after
{Heap after GC invocations=26 (full 0):
 garbage-first heap   total 70656K, used 25983K [0x00000000c1c00000, 0x0000000100000000)
  region size 1024K, 3 young (3072K), 3 survivors (3072K)
 Metaspace       used 58650K, committed 59264K, reserved 1114112K
  class space    used 7701K, committed 8000K, reserved 1048576K
}
Event: 19.916 GC heap before
{Heap before GC invocations=26 (full 0):
 garbage-first heap   total 70656K, used 43391K [0x00000000c1c00000, 0x0000000100000000)
  region size 1024K, 21 young (21504K), 3 survivors (3072K)
 Metaspace       used 59517K, committed 60096K, reserved 1114112K
  class space    used 7810K, committed 8064K, reserved 1048576K
}
Event: 19.924 GC heap after
{Heap after GC invocations=27 (full 0):
 garbage-first heap   total 70656K, used 26730K [0x00000000c1c00000, 0x0000000100000000)
  region size 1024K, 4 young (4096K), 4 survivors (4096K)
 Metaspace       used 59517K, committed 60096K, reserved 1114112K
  class space    used 7810K, committed 8064K, reserved 1048576K
}
Event: 20.675 GC heap before
{Heap before GC invocations=28 (full 0):
 garbage-first heap   total 70656K, used 57450K [0x00000000c1c00000, 0x0000000100000000)
  region size 1024K, 34 young (34816K), 4 survivors (4096K)
 Metaspace       used 61269K, committed 61824K, reserved 1114112K
  class space    used 8093K, committed 8384K, reserved 1048576K
}
Event: 20.688 GC heap after
{Heap after GC invocations=29 (full 0):
 garbage-first heap   total 70656K, used 28660K [0x00000000c1c00000, 0x0000000100000000)
  region size 1024K, 4 young (4096K), 4 survivors (4096K)
 Metaspace       used 61269K, committed 61824K, reserved 1114112K
  class space    used 8093K, committed 8384K, reserved 1048576K
}
Event: 39.179 GC heap before
{Heap before GC invocations=29 (full 0):
 garbage-first heap   total 70656K, used 57332K [0x00000000c1c00000, 0x0000000100000000)
  region size 1024K, 33 young (33792K), 4 survivors (4096K)
 Metaspace       used 64178K, committed 64832K, reserved 1114112K
  class space    used 8470K, committed 8768K, reserved 1048576K
}
Event: 39.191 GC heap after
{Heap after GC invocations=30 (full 0):
 garbage-first heap   total 84992K, used 29326K [0x00000000c1c00000, 0x0000000100000000)
  region size 1024K, 3 young (3072K), 3 survivors (3072K)
 Metaspace       used 64178K, committed 64832K, reserved 1114112K
  class space    used 8470K, committed 8768K, reserved 1048576K
}

Deoptimization events (20 events):
Event: 39.221 Thread 0x0000027642ba6fd0 DEOPT PACKING pc=0x0000027626300e21 sp=0x000000e8466fc5d0
Event: 39.221 Thread 0x0000027642ba6fd0 DEOPT UNPACKING pc=0x0000027625852b43 sp=0x000000e8466fbaa8 mode 1
Event: 39.221 Thread 0x0000027642ba6fd0 DEOPT PACKING pc=0x000002762643474c sp=0x000000e8466fc660
Event: 39.221 Thread 0x0000027642ba6fd0 DEOPT UNPACKING pc=0x0000027625852b43 sp=0x000000e8466fbc00 mode 1
Event: 39.221 Thread 0x0000027642ba6fd0 DEOPT PACKING pc=0x00000276262fef9c sp=0x000000e8466fc7c0
Event: 39.221 Thread 0x0000027642ba6fd0 DEOPT UNPACKING pc=0x0000027625852b43 sp=0x000000e8466fbd60 mode 1
Event: 39.225 Thread 0x0000027642ba6fd0 DEOPT PACKING pc=0x0000027626300e21 sp=0x000000e8466fc9c0
Event: 39.225 Thread 0x0000027642ba6fd0 DEOPT UNPACKING pc=0x0000027625852b43 sp=0x000000e8466fbe98 mode 1
Event: 39.225 Thread 0x0000027642ba6fd0 DEOPT PACKING pc=0x000002762643474c sp=0x000000e8466fca50
Event: 39.225 Thread 0x0000027642ba6fd0 DEOPT UNPACKING pc=0x0000027625852b43 sp=0x000000e8466fbff0 mode 1
Event: 39.225 Thread 0x0000027642ba6fd0 DEOPT PACKING pc=0x00000276262fef9c sp=0x000000e8466fcbb0
Event: 39.225 Thread 0x0000027642ba6fd0 DEOPT UNPACKING pc=0x0000027625852b43 sp=0x000000e8466fc150 mode 1
Event: 39.232 Thread 0x0000027642ba6fd0 DEOPT PACKING pc=0x0000027626300e21 sp=0x000000e8466fc5d0
Event: 39.232 Thread 0x0000027642ba6fd0 DEOPT UNPACKING pc=0x0000027625852b43 sp=0x000000e8466fbaa8 mode 1
Event: 39.232 Thread 0x0000027642ba6fd0 DEOPT PACKING pc=0x000002762643474c sp=0x000000e8466fc660
Event: 39.232 Thread 0x0000027642ba6fd0 DEOPT UNPACKING pc=0x0000027625852b43 sp=0x000000e8466fbc00 mode 1
Event: 39.232 Thread 0x0000027642ba6fd0 DEOPT PACKING pc=0x00000276262fef9c sp=0x000000e8466fc7c0
Event: 39.232 Thread 0x0000027642ba6fd0 DEOPT UNPACKING pc=0x0000027625852b43 sp=0x000000e8466fbd60 mode 1
Event: 197.818 Thread 0x0000027642ba6fd0 DEOPT PACKING pc=0x000002762681c244 sp=0x000000e8466fd690
Event: 197.818 Thread 0x0000027642ba6fd0 DEOPT UNPACKING pc=0x0000027625852b43 sp=0x000000e8466fcb38 mode 0

Classes loaded (20 events):
Event: 38.372 Loading class java/nio/channels/ReadPendingException
Event: 38.372 Loading class java/nio/channels/ReadPendingException done
Event: 38.373 Loading class java/nio/channels/WritePendingException
Event: 38.374 Loading class java/nio/channels/WritePendingException done
Event: 38.390 Loading class java/util/concurrent/Semaphore
Event: 38.392 Loading class java/util/concurrent/Semaphore done
Event: 38.392 Loading class java/util/concurrent/Semaphore$NonfairSync
Event: 38.393 Loading class java/util/concurrent/Semaphore$Sync
Event: 38.393 Loading class java/util/concurrent/Semaphore$Sync done
Event: 38.393 Loading class java/util/concurrent/Semaphore$NonfairSync done
Event: 38.393 Loading class sun/nio/ch/SocketAdaptor
Event: 38.395 Loading class sun/nio/ch/SocketAdaptor done
Event: 38.400 Loading class sun/nio/ch/SelectionKeyImpl
Event: 38.401 Loading class java/nio/channels/spi/AbstractSelectionKey
Event: 38.402 Loading class java/nio/channels/SelectionKey
Event: 38.403 Loading class java/nio/channels/SelectionKey done
Event: 38.403 Loading class java/nio/channels/spi/AbstractSelectionKey done
Event: 38.403 Loading class sun/nio/ch/SelectionKeyImpl done
Event: 38.403 Loading class java/lang/invoke/ConstantBootstraps
Event: 38.404 Loading class java/lang/invoke/ConstantBootstraps done

Classes unloaded (0 events):
No events

Classes redefined (1 events):
Event: 198.130 Thread 0x000002761c771fd0 redefined class name=com.diplom.beautyshop.AppControl, count=1

Internal exceptions (20 events):
Event: 17.596 Thread 0x000002763ec9ec00 Implicit null exception at 0x000002762d407b62 to 0x000002762d409910
Event: 17.607 Thread 0x000002763ec9ec00 Exception <a 'java/lang/IncompatibleClassChangeError'{0x00000000c51f4018}: Found class java.lang.Object, but interface was expected> (0x00000000c51f4018) 
thrown [s\open\src\hotspot\share\interpreter\linkResolver.cpp, line 826]
Event: 17.689 Thread 0x000002763ec9ec00 Exception <a 'java/lang/IncompatibleClassChangeError'{0x00000000c4daa618}: Found class java.lang.Object, but interface was expected> (0x00000000c4daa618) 
thrown [s\open\src\hotspot\share\interpreter\linkResolver.cpp, line 826]
Event: 18.025 Thread 0x000002763ec9ec00 Exception <a 'java/lang/IncompatibleClassChangeError'{0x00000000c3ecc728}: Found class java.lang.Object, but interface was expected> (0x00000000c3ecc728) 
thrown [s\open\src\hotspot\share\interpreter\linkResolver.cpp, line 826]
Event: 18.261 Thread 0x000002763ec9ec00 Exception <a 'java/lang/IncompatibleClassChangeError'{0x00000000c4b6a650}: Found class java.lang.Object, but interface was expected> (0x00000000c4b6a650) 
thrown [s\open\src\hotspot\share\interpreter\linkResolver.cpp, line 826]
Event: 18.262 Thread 0x000002763ec9ec00 Exception <a 'java/lang/IncompatibleClassChangeError'{0x00000000c4b71038}: Found class java.lang.Object, but interface was expected> (0x00000000c4b71038) 
thrown [s\open\src\hotspot\share\interpreter\linkResolver.cpp, line 826]
Event: 19.122 Thread 0x000002763ec9ec00 Exception <a 'java/lang/NoSuchMethodError'{0x00000000c42b1bf0}: 'int java.lang.invoke.DirectMethodHandle$Holder.invokeStatic(java.lang.Object)'> (0x00000000c42b1bf0) 
thrown [s\open\src\hotspot\share\interpreter\linkResolver.cpp, line 759]
Event: 19.713 Thread 0x000002763ec9ec00 Implicit null exception at 0x000002762d5f4864 to 0x000002762d5f4ab0
Event: 19.751 Thread 0x000002763ec9ec00 Exception <a 'java/lang/NoSuchMethodError'{0x00000000c56b4f98}: 'java.lang.Object java.lang.invoke.DirectMethodHandle$Holder.newInvokeSpecial(java.lang.Object, java.lang.Object, java.lang.Object, java.lang.Object, java.lang.Object, java.lang.Object, java.lang.Object, java.lang.Object)'> (0x00000000c56b4f98) 
thrown [s\open\src\hotspot\share\interpreter\linkResolver.cpp, line 759]
Event: 20.018 Thread 0x000002763ec9ec00 Exception <a 'java/lang/NoSuchMethodError'{0x00000000c5d8a8b8}: 'void java.lang.invoke.DirectMethodHandle$Holder.invokeVirtual(java.lang.Object, java.lang.Object, long)'> (0x00000000c5d8a8b8) 
thrown [s\open\src\hotspot\share\interpreter\linkResolver.cpp, line 759]
Event: 20.306 Thread 0x000002763ec9ec00 Exception <a 'java/lang/IncompatibleClassChangeError'{0x00000000c5015a20}: Found class java.lang.Object, but interface was expected> (0x00000000c5015a20) 
thrown [s\open\src\hotspot\share\interpreter\linkResolver.cpp, line 826]
Event: 20.503 Thread 0x000002763ec9ec00 Implicit null exception at 0x000002762d4741e0 to 0x000002762d474474
Event: 20.649 Thread 0x000002763ec9ec00 Exception <a 'java/lang/NoSuchMethodError'{0x00000000c3f13540}: 'java.lang.Object java.lang.invoke.DirectMethodHandle$Holder.newInvokeSpecial(java.lang.Object, java.lang.Object, int, java.lang.Object, java.lang.Object)'> (0x00000000c3f13540) 
thrown [s\open\src\hotspot\share\interpreter\linkResolver.cpp, line 759]
Event: 20.651 Thread 0x000002763ec9ec00 Exception <a 'java/lang/NoSuchMethodError'{0x00000000c3f1e8d8}: 'java.lang.Object java.lang.invoke.DirectMethodHandle$Holder.invokeSpecial(java.lang.Object, java.lang.Object, int, java.lang.Object, int, java.lang.Object)'> (0x00000000c3f1e8d8) 
thrown [s\open\src\hotspot\share\interpreter\linkResolver.cpp, line 759]
Event: 20.652 Thread 0x000002763ec9ec00 Exception <a 'java/lang/NoSuchMethodError'{0x00000000c3f268f8}: 'java.lang.Object java.lang.invoke.DirectMethodHandle$Holder.newInvokeSpecial(java.lang.Object, java.lang.Object, int, java.lang.Object, int)'> (0x00000000c3f268f8) 
thrown [s\open\src\hotspot\share\interpreter\linkResolver.cpp, line 759]
Event: 20.653 Thread 0x000002763ec9ec00 Exception <a 'java/lang/NoSuchMethodError'{0x00000000c3f2aa00}: 'java.lang.Object java.lang.invoke.DirectMethodHandle$Holder.invokeSpecial(java.lang.Object, java.lang.Object, java.lang.Object, int, java.lang.Object, int)'> (0x00000000c3f2aa00) 
thrown [s\open\src\hotspot\share\interpreter\linkResolver.cpp, line 759]
Event: 38.502 Thread 0x0000027642ba6fd0 Exception <a 'java/lang/NoSuchMethodError'{0x00000000c588d548}: 'java.lang.Object java.lang.invoke.DirectMethodHandle$Holder.invokeSpecial(java.lang.Object, java.lang.Object, java.lang.Object, java.lang.Object, java.lang.Object, long)'> (0x00000000c588d548) 
thrown [s\open\src\hotspot\share\interpreter\linkResolver.cpp, line 759]
Event: 38.503 Thread 0x0000027642ba6fd0 Exception <a 'java/lang/NoSuchMethodError'{0x00000000c5890f90}: 'java.lang.Object java.lang.invoke.Invokers$Holder.linkToTargetMethod(java.lang.Object, java.lang.Object, java.lang.Object, long, java.lang.Object)'> (0x00000000c5890f90) 
thrown [s\open\src\hotspot\share\interpreter\linkResolver.cpp, line 759]
Event: 38.787 Thread 0x0000027642ba6fd0 Exception <a 'java/lang/NoSuchMethodError'{0x00000000c4f75838}: 'java.lang.Object java.lang.invoke.DirectMethodHandle$Holder.invokeInterface(java.lang.Object, java.lang.Object, java.lang.Object, java.lang.Object)'> (0x00000000c4f75838) 
thrown [s\open\src\hotspot\share\interpreter\linkResolver.cpp, line 759]
Event: 39.038 Thread 0x0000027642ba6fd0 Exception <a 'java/lang/IncompatibleClassChangeError'{0x00000000c4853970}: Found class java.lang.Object, but interface was expected> (0x00000000c4853970) 
thrown [s\open\src\hotspot\share\interpreter\linkResolver.cpp, line 826]

VM Operations (20 events):
Event: 192.430 Executing VM operation: get/set locals
Event: 192.430 Executing VM operation: get/set locals done
Event: 192.431 Executing VM operation: get/set locals
Event: 192.431 Executing VM operation: get/set locals done
Event: 192.636 Executing VM operation: get/set locals
Event: 192.636 Executing VM operation: get/set locals done
Event: 192.665 Executing VM operation: get/set locals
Event: 192.665 Executing VM operation: get/set locals done
Event: 197.816 Executing VM operation: ChangeSingleStep
Event: 197.816 Executing VM operation: ChangeSingleStep done
Event: 197.818 Executing VM operation: ChangeSingleStep
Event: 197.818 Executing VM operation: ChangeSingleStep done
Event: 197.858 Executing VM operation: RedefineClasses
Event: 198.529 Executing VM operation: RedefineClasses done
Event: 198.596 Executing VM operation: ChangeBreakpoints
Event: 198.603 Executing VM operation: ChangeBreakpoints done
Event: 198.664 Executing VM operation: ChangeBreakpoints
Event: 198.667 Executing VM operation: ChangeBreakpoints done
Event: 198.679 Executing VM operation: ChangeSingleStep
Event: 198.679 Executing VM operation: ChangeSingleStep done

Events (20 events):
Event: 20.674 Thread 0x0000027642ba74a0 Thread added: 0x0000027642ba74a0
Event: 20.674 Thread 0x0000027642bae350 Thread added: 0x0000027642bae350
Event: 20.675 Thread 0x0000027642ba7970 Thread added: 0x0000027642ba7970
Event: 20.688 Thread 0x0000027642bacb40 Thread added: 0x0000027642bacb40
Event: 20.689 Thread 0x0000027642bad9b0 Thread added: 0x0000027642bad9b0
Event: 20.689 Thread 0x0000027642bae820 Thread added: 0x0000027642bae820
Event: 20.690 Thread 0x0000027642ba9180 Thread added: 0x0000027642ba9180
Event: 20.690 Thread 0x0000027642ba8cb0 Thread added: 0x0000027642ba8cb0
Event: 20.690 Thread 0x0000027642bade80 Thread added: 0x0000027642bade80
Event: 20.739 Thread 0x0000027642bab800 Thread added: 0x0000027642bab800
Event: 20.744 Thread 0x0000027642ba7e40 Thread added: 0x0000027642ba7e40
Event: 20.782 Thread 0x000002763ec9ec00 Thread exited: 0x000002763ec9ec00
Event: 20.787 Thread 0x000002763e807880 Thread exited: 0x000002763e807880
Event: 21.131 Thread 0x000002761c79e970 flushing nmethod 0x0000027625e82410
Event: 21.132 Thread 0x000002761c79e970 flushing nmethod 0x0000027625f7c290
Event: 21.132 Thread 0x000002761c79e970 flushing nmethod 0x0000027625fb0810
Event: 21.141 Thread 0x000002761c79e970 flushing nmethod 0x00000276266fd910
Event: 21.141 Thread 0x000002761c79e970 flushing nmethod 0x0000027626711990
Event: 32.702 Thread 0x000002761c6e10a0 Thread exited: 0x000002761c6e10a0
Event: 32.703 Thread 0x0000027642ba8310 Thread added: 0x0000027642ba8310


Dynamic libraries:
0x00007ff7d4c60000 - 0x00007ff7d4c70000 	D:\JDK\bin\javaw.exe
0x00007ffd17750000 - 0x00007ffd17948000 	C:\Windows\SYSTEM32\ntdll.dll
0x00007ffd15fc0000 - 0x00007ffd1607f000 	C:\Windows\System32\KERNEL32.DLL
0x00007ffd15280000 - 0x00007ffd1555a000 	C:\Windows\System32\KERNELBASE.dll
0x00007ffd14e30000 - 0x00007ffd14f30000 	C:\Windows\System32\ucrtbase.dll
0x00007ffd0d5d0000 - 0x00007ffd0d5ea000 	D:\JDK\bin\VCRUNTIME140.dll
0x00007ffd0def0000 - 0x00007ffd0df08000 	D:\JDK\bin\jli.dll
0x00007ffd15780000 - 0x00007ffd1582e000 	C:\Windows\System32\ADVAPI32.dll
0x00007ffd16940000 - 0x00007ffd169de000 	C:\Windows\System32\msvcrt.dll
0x00007ffd175e0000 - 0x00007ffd1767c000 	C:\Windows\System32\sechost.dll
0x00007ffd174b0000 - 0x00007ffd175d6000 	C:\Windows\System32\RPCRT4.dll
0x00007ffd16450000 - 0x00007ffd165ed000 	C:\Windows\System32\USER32.dll
0x00007ffd03770000 - 0x00007ffd03a0a000 	C:\Windows\WinSxS\amd64_microsoft.windows.common-controls_6595b64144ccf1df_6.0.19041.1110_none_60b5254171f9507e\COMCTL32.dll
0x00007ffd15750000 - 0x00007ffd15772000 	C:\Windows\System32\win32u.dll
0x00007ffd16710000 - 0x00007ffd1673b000 	C:\Windows\System32\GDI32.dll
0x00007ffd15560000 - 0x00007ffd15670000 	C:\Windows\System32\gdi32full.dll
0x00007ffd151e0000 - 0x00007ffd1527d000 	C:\Windows\System32\msvcp_win.dll
0x00007ffd06c80000 - 0x00007ffd06c8a000 	C:\Windows\SYSTEM32\VERSION.dll
0x00007ffd15f80000 - 0x00007ffd15fb0000 	C:\Windows\System32\IMM32.DLL
0x00007ffd101d0000 - 0x00007ffd101dc000 	D:\JDK\bin\vcruntime140_1.dll
0x00007ffcf0af0000 - 0x00007ffcf0b7d000 	D:\JDK\bin\msvcp140.dll
0x00007ffcd6fd0000 - 0x00007ffcd7be1000 	D:\JDK\bin\server\jvm.dll
0x00007ffd16ee0000 - 0x00007ffd16ee8000 	C:\Windows\System32\PSAPI.DLL
0x00007ffd04a20000 - 0x00007ffd04a47000 	C:\Windows\SYSTEM32\WINMM.dll
0x00007ffd02500000 - 0x00007ffd02509000 	C:\Windows\SYSTEM32\WSOCK32.dll
0x00007ffd16e70000 - 0x00007ffd16edb000 	C:\Windows\System32\WS2_32.dll
0x00007ffd13640000 - 0x00007ffd13652000 	C:\Windows\SYSTEM32\kernel.appcore.dll
0x00007ffd10240000 - 0x00007ffd1024a000 	D:\JDK\bin\jimage.dll
0x00007ffd13310000 - 0x00007ffd134f4000 	C:\Windows\SYSTEM32\DBGHELP.DLL
0x00007ffd00a80000 - 0x00007ffd00ab4000 	C:\Windows\SYSTEM32\dbgcore.DLL
0x00007ffd15090000 - 0x00007ffd15112000 	C:\Windows\System32\bcryptPrimitives.dll
0x00007ffd10150000 - 0x00007ffd1018b000 	D:\JDK\bin\jdwp.dll
0x00007ffd10120000 - 0x00007ffd1012e000 	D:\JDK\bin\instrument.dll
0x00007ffd101e0000 - 0x00007ffd10205000 	D:\JDK\bin\java.dll
0x00007ffcf1130000 - 0x00007ffcf1206000 	D:\JDK\bin\jsvml.dll
0x00007ffd15830000 - 0x00007ffd15f74000 	C:\Windows\System32\SHELL32.dll
0x00007ffd12aa0000 - 0x00007ffd13233000 	C:\Windows\SYSTEM32\windows.storage.dll
0x00007ffd16a60000 - 0x00007ffd16db4000 	C:\Windows\System32\combase.dll
0x00007ffd14890000 - 0x00007ffd148be000 	C:\Windows\SYSTEM32\Wldp.dll
0x00007ffd16dc0000 - 0x00007ffd16e6d000 	C:\Windows\System32\SHCORE.dll
0x00007ffd17680000 - 0x00007ffd176d5000 	C:\Windows\System32\shlwapi.dll
0x00007ffd14d70000 - 0x00007ffd14d8f000 	C:\Windows\SYSTEM32\profapi.dll
0x00007ffd0df20000 - 0x00007ffd0df2c000 	D:\JDK\bin\dt_socket.dll
0x00007ffd14290000 - 0x00007ffd142cc000 	C:\Windows\SYSTEM32\IPHLPAPI.DLL
0x00007ffd145f0000 - 0x00007ffd1465a000 	C:\Windows\system32\mswsock.dll
0x00007ffd142d0000 - 0x00007ffd1439b000 	C:\Windows\SYSTEM32\DNSAPI.dll
0x00007ffd15fb0000 - 0x00007ffd15fb8000 	C:\Windows\System32\NSI.dll
0x00007ffd056f0000 - 0x00007ffd056fa000 	C:\Windows\System32\rasadhlp.dll
0x00007ffd0b270000 - 0x00007ffd0b2f0000 	C:\Windows\System32\fwpuclnt.dll
0x00007ffd15720000 - 0x00007ffd15747000 	C:\Windows\System32\bcrypt.dll
0x00007ffcfa340000 - 0x00007ffcfa358000 	D:\JDK\bin\zip.dll
0x00007ffcfa380000 - 0x00007ffcfa393000 	D:\JDK\bin\net.dll
0x00007ffd0b5a0000 - 0x00007ffd0b6aa000 	C:\Windows\SYSTEM32\WINHTTP.dll
0x00007ffcfa360000 - 0x00007ffcfa376000 	D:\JDK\bin\nio.dll
0x00007ffd101b0000 - 0x00007ffd101c0000 	D:\JDK\bin\verify.dll
0x00007ffd0f450000 - 0x00007ffd0f459000 	D:\JDK\bin\management.dll
0x00007ffd0f3a0000 - 0x00007ffd0f3ab000 	D:\JDK\bin\management_ext.dll
0x00007ffd147f0000 - 0x00007ffd14808000 	C:\Windows\SYSTEM32\CRYPTSP.dll
0x00007ffd13e70000 - 0x00007ffd13ea4000 	C:\Windows\system32\rsaenh.dll
0x00007ffd14cf0000 - 0x00007ffd14d1e000 	C:\Windows\SYSTEM32\USERENV.dll
0x00007ffd147e0000 - 0x00007ffd147ec000 	C:\Windows\SYSTEM32\CRYPTBASE.dll
0x00007ffd0dcb0000 - 0x00007ffd0dcc7000 	C:\Windows\SYSTEM32\dhcpcsvc6.DLL
0x00007ffd0c160000 - 0x00007ffd0c17d000 	C:\Windows\SYSTEM32\dhcpcsvc.DLL
0x00007ffd10010000 - 0x00007ffd1001e000 	D:\JDK\bin\sunmscapi.dll
0x00007ffd14f30000 - 0x00007ffd15086000 	C:\Windows\System32\CRYPT32.dll
0x00007ffd14900000 - 0x00007ffd14928000 	C:\Windows\SYSTEM32\ncrypt.dll
0x00007ffd148c0000 - 0x00007ffd148fb000 	C:\Windows\SYSTEM32\NTASN1.dll

dbghelp: loaded successfully - version: 4.0.5 - missing functions: none
symbol engine: initialized successfully - sym options: 0x614 - pdb path: .;D:\JDK\bin;C:\Windows\SYSTEM32;C:\Windows\WinSxS\amd64_microsoft.windows.common-controls_6595b64144ccf1df_6.0.19041.1110_none_60b5254171f9507e;D:\JDK\bin\server

VM Arguments:
jvm_args: -XX:+ShowCodeDetailsInExceptionMessages -agentlib:jdwp=transport=dt_socket,suspend=y,address=localhost:62391 -javaagent:D:\Eclipce\eclipse\configuration\org.eclipse.osgi\407\0\.cp\lib\javaagent-shaded.jar -Dfile.encoding=UTF-8 
java_command: com.diplom.beautyshop.BeautyshopApplication
java_class_path (initial): D:\diplom\beautyshop\target\classes;C:\Users\danil\.m2\repository\org\springframework\boot\spring-boot-starter-data-jpa\3.0.6\spring-boot-starter-data-jpa-3.0.6.jar;C:\Users\danil\.m2\repository\org\springframework\boot\spring-boot-starter-aop\3.0.6\spring-boot-starter-aop-3.0.6.jar;C:\Users\danil\.m2\repository\org\springframework\spring-aop\6.0.8\spring-aop-6.0.8.jar;C:\Users\danil\.m2\repository\org\aspectj\aspectjweaver\1.9.19\aspectjweaver-1.9.19.jar;C:\Users\danil\.m2\repository\org\springframework\boot\spring-boot-starter-jdbc\3.0.6\spring-boot-starter-jdbc-3.0.6.jar;C:\Users\danil\.m2\repository\com\zaxxer\HikariCP\5.0.1\HikariCP-5.0.1.jar;C:\Users\danil\.m2\repository\org\springframework\spring-jdbc\6.0.8\spring-jdbc-6.0.8.jar;C:\Users\danil\.m2\repository\org\hibernate\orm\hibernate-core\6.1.7.Final\hibernate-core-6.1.7.Final.jar;C:\Users\danil\.m2\repository\jakarta\persistence\jakarta.persistence-api\3.1.0\jakarta.persistence-api-3.1.0.jar;C:\Users\danil\.m2\repository\jakarta\transaction\jakarta.transaction-api\2.0.1\jakarta.transaction-api-2.0.1.jar;C:\Users\danil\.m2\repository\org\jboss\logging\jboss-logging\3.5.0.Final\jboss-logging-3.5.0.Final.jar;C:\Users\danil\.m2\repository\org\hibernate\common\hibernate-commons-annotations\6.0.6.Final\hibernate-commons-annotations-6.0.6.Final.jar;C:\Users\danil\.m2\repository\org\jboss\jandex\2.4.2.Final\jandex-2.4.2.Final.jar;C:\Users\danil\.m2\repository\com\fasterxml\classmate\1.5.1\classmate-1.5.1.jar;C:\Users\danil\.m2\repository\net\bytebuddy\byte-buddy\1.12.23\byte-buddy-1.12.23.jar;C:\Users\danil\.m2\repository\org\glassfish\jaxb\jaxb-runtime\4.0.2\jaxb-runtime-4.0.2.jar;C:\Users\danil\.m2\repository\org\glassfish\jaxb\jaxb-core\4.0.2\jaxb-core-4.0.2.jar;C:\Users\danil\.m2\repository\org\eclipse\angus\angus-activation\2.0.0\angus-activation-2.0.0.jar;C:\Users\danil\.m2\repository\org\glassfish\jaxb\txw2\4.0.2\txw2-4.0.2.jar;C:\Users\danil\.m2\repository\com\sun\istack\istack-commons-runtime\4.1.1\istack-commons-runtime-4.1.1.jar;C:\Users\danil\.m2\repository\jakarta\inject\jakarta.inject-api\2.0.0\jakarta.inject-api-2.0.0.jar;C:\Users\danil\.m2\repository\org\antlr\antlr4-runtime\4.10.1\antlr4-runtime-4.10.1.jar;C:\Users\danil\.m2\repository\org\springframework\data\spring-data-jpa\3.0.5\spring-data-jpa-3.0.5.jar;C:\Users\danil\.m2\repository\org\springframework\data\spring-data-commons\3.0.5\spring-data-commons-3.0.5.jar;C:\Users\danil\.m2\repository\org\springframework\spring-orm\6.0.8\spring-orm-6.0.8.jar;C:\Users\danil\.m2\repository\org\springframework\spring-context\6.0.8\spring-context-6.0.8.jar;C:\Users\danil\.m2\repository\org\springframework\spring-tx\6.0.8\spring-tx-6.0.8.jar;C:\Users\danil\.m2\repository\org\springframework\spring-beans\6.0.8\spring-beans-6.0.8.jar;C:\Users\danil\.m2\repository\jakarta\annotation\jakarta.annotation-api\2.1.1\jakarta.annotation-api-2.1.1.jar;C:\Users\danil\.m2\repository\org\slf4j\slf4j-api\2.0.7\slf4j-api-2.0.7.jar;C:\Users\danil\.m2\repository\org\springframework\spring-aspects\6.0.8\spring-aspects-6.0.8.jar;C:\Users\danil\.m2\repository\org\json\json\20230227\json-20230227.jar;C:\Users\danil\.m2\repository\org\springframework\boot\spring-boot-starter-thymeleaf\3.0.6\spring-boot-starter-thymeleaf-3.0.6.jar;C:\Users\danil\.m2\repository\org\springframework\boot\spring-boot-starter\3.0.6\spring-boot-starter-3.0.6.jar;C:\Users\danil\.m2\repository\org\springframework\boot\spring-boot-starter-logging\3.0.6\spring-boot-starter-logging-3.0.6.jar;C:\Users\danil\.m2\repository\ch\qos\logback\logback-classic\1.4.7\logback-classic-1.4.7.jar;C:\Users\danil\.m2\repository\ch\qos\logback\logback-core\1.4.7\logback-core-1.4.7.jar;C:\Users\danil\.m2\repository\org\apache\logging\log4j\log4j-to-slf4j\2.19.0\log4j-to-slf4j-2.19.0.jar;C:\Users\danil\.m2\repository\org\apache\logging\log4j\log4j-api\2.19.0\log4j-api-2.19.0.jar;C:\Users\danil\.m2\repository\org\slf4j\jul-to-slf4j\2.0.7\jul-to-slf4j-2.0.7.jar;C:\Users\danil\.m2\repository\org\yaml\snakeyaml\1.33\snakeyaml-1.33.jar;C:\Users\danil\.m2\repository\org\thymeleaf\thymeleaf-spring6\3.1.1.RELEASE\thymeleaf-spring6-3.1.1.RELEASE.jar;C:\Users\danil\.m2\repository\org\thymeleaf\thymeleaf\3.1.1.RELEASE\thymeleaf-3.1.1.RELEASE.jar;C:\Users\danil\.m2\repository\org\attoparser\attoparser\2.0.6.RELEASE\attoparser-2.0.6.RELEASE.jar;C:\Users\danil\.m2\repository\org\unbescape\unbescape\1.1.6.RELEASE\unbescape-1.1.6.RELEASE.jar;C:\Users\danil\.m2\repository\org\springframework\boot\spring-boot-starter-web\3.0.6\spring-boot-starter-web-3.0.6.jar;C:\Users\danil\.m2\repository\org\springframework\boot\spring-boot-starter-json\3.0.6\spring-boot-starter-json-3.0.6.jar;C:\Users\danil\.m2\repository\com\fasterxml\jackson\core\jackson-databind\2.14.2\jackson-databind-2.14.2.jar;C:\Users\danil\.m2\repository\com\fasterxml\jackson\core\jackson-annotations\2.14.2\jackson-annotations-2.14.2.jar;C:\Users\danil\.m2\repository\com\fasterxml\jackson\core\jackson-core\2.14.2\jackson-core-2.14.2.jar;C:\Users\danil\.m2\repository\com\fasterxml\jackson\datatype\jackson-datatype-jdk8\2.14.2\jackson-datatype-jdk8-2.14.2.jar;C:\Users\danil\.m2\repository\com\fasterxml\jackson\datatype\jackson-datatype-jsr310\2.14.2\jackson-datatype-jsr310-2.14.2.jar;C:\Users\danil\.m2\repository\com\fasterxml\jackson\module\jackson-module-parameter-names\2.14.2\jackson-module-parameter-names-2.14.2.jar;C:\Users\danil\.m2\repository\org\springframework\boot\spring-boot-starter-tomcat\3.0.6\spring-boot-starter-tomcat-3.0.6.jar;C:\Users\danil\.m2\repository\org\apache\tomcat\embed\tomcat-embed-core\10.1.8\tomcat-embed-core-10.1.8.jar;C:\Users\danil\.m2\repository\org\apache\tomcat\embed\tomcat-embed-el\10.1.8\tomcat-embed-el-10.1.8.jar;C:\Users\danil\.m2\repository\org\apache\tomcat\embed\tomcat-embed-websocket\10.1.8\tomcat-embed-websocket-10.1.8.jar;C:\Users\danil\.m2\repository\org\springframework\spring-web\6.0.8\spring-web-6.0.8.jar;C:\Users\danil\.m2\repository\io\micrometer\micrometer-observation\1.10.6\micrometer-observation-1.10.6.jar;C:\Users\danil\.m2\repository\io\micrometer\micrometer-commons\1.10.6\micrometer-commons-1.10.6.jar;C:\Users\danil\.m2\repository\org\springframework\spring-webmvc\6.0.8\spring-webmvc-6.0.8.jar;C:\Users\danil\.m2\repository\org\springframework\spring-expression\6.0.8\spring-expression-6.0.8.jar;C:\Users\danil\.m2\repository\org\springframework\boot\spring-boot-devtools\3.0.6\spring-boot-devtools-3.0.6.jar;C:\Users\danil\.m2\repository\org\springframework\boot\spring-boot\3.0.6\spring-boot-3.0.6.jar;C:\Users\danil\.m2\repository\org\springframework\boot\spring-boot-autoconfigure\3.0.6\spring-boot-autoconfigure-3.0.6.jar;C:\Users\danil\.m2\repository\jakarta\xml\bind\jakarta.xml.bind-api\4.0.0\jakarta.xml.bind-api-4.0.0.jar;C:\Users\danil\.m2\repository\jakarta\activation\jakarta.activation-api\2.1.1\jakarta.activation-api-2.1.1.jar;C:\Users\danil\.m2\repository\org\springframework\spring-core\6.0.8\spring-core-6.0.8.jar;C:\Users\danil\.m2\repository\org\springframework\spring-jcl\6.0.8\spring-jcl-6.0.8.jar;C:\Users\danil\.m2\repository\org\webjars\bootstrap\5.2.2\bootstrap-5.2.2.jar;C:\Users\danil\.m2\repository\org\postgresql\postgresql\42.6.0\postgresql-42.6.0.jar;C:\Users\danil\.m2\repository\org\checkerframework\checker-qual\3.31.0\checker-qual-3.31.0.jar
Launcher Type: SUN_STANDARD

[Global flags]
     intx CICompilerCount                          = 3                                         {product} {ergonomic}
     uint ConcGCThreads                            = 1                                         {product} {ergonomic}
     uint G1ConcRefinementThreads                  = 4                                         {product} {ergonomic}
   size_t G1HeapRegionSize                         = 1048576                                   {product} {ergonomic}
    uintx GCDrainStackTargetSize                   = 64                                        {product} {ergonomic}
   size_t InitialHeapSize                          = 67108864                                  {product} {ergonomic}
   size_t MarkStackSize                            = 4194304                                   {product} {ergonomic}
   size_t MaxHeapSize                              = 1044381696                                {product} {ergonomic}
   size_t MaxNewSize                               = 625999872                                 {product} {ergonomic}
   size_t MinHeapDeltaBytes                        = 1048576                                   {product} {ergonomic}
   size_t MinHeapSize                              = 8388608                                   {product} {ergonomic}
    uintx NonNMethodCodeHeapSize                   = 5832780                                {pd product} {ergonomic}
    uintx NonProfiledCodeHeapSize                  = 122912730                              {pd product} {ergonomic}
    uintx ProfiledCodeHeapSize                     = 122912730                              {pd product} {ergonomic}
    uintx ReservedCodeCacheSize                    = 251658240                              {pd product} {ergonomic}
     bool SegmentedCodeCache                       = true                                      {product} {ergonomic}
     bool ShowCodeDetailsInExceptionMessages       = true                                   {manageable} {command line}
   size_t SoftMaxHeapSize                          = 1044381696                             {manageable} {ergonomic}
     bool UseCompressedClassPointers               = true                           {product lp64_product} {ergonomic}
     bool UseCompressedOops                        = true                           {product lp64_product} {ergonomic}
     bool UseG1GC                                  = true                                      {product} {ergonomic}
     bool UseLargePagesIndividualAllocation        = false                                  {pd product} {ergonomic}

Logging:
Log output configuration:
 #0: stdout all=warning uptime,level,tags foldmultilines=false
 #1: stderr all=off uptime,level,tags foldmultilines=false

Environment Variables:
PATH=D:/JDK/bin/server;D:/JDK/bin;C:\Program Files\Common Files\Oracle\Java\javapath;C:\Program Files (x86)\Common Files\Oracle\Java\javapath;D:\VM\bin\;C:\Windows\system32;C:\Windows;C:\Windows\System32\Wbem;C:\Windows\System32\WindowsPowerShell\v1.0\;C:\Windows\System32\OpenSSH\;C:\Program Files\NVIDIA Corporation\NVIDIA NvDLISR;C:\Program Files (x86)\NVIDIA Corporation\PhysX\Common;C:\Program Files\dotnet\;C:\Program Files (x86)\dotnet\;D:\Git\cmd;C:\Program Files\Docker\Docker\resources\bin;C:\Users\danil\AppData\Local\Microsoft\WindowsApps;C:\Users\danil\.dotnet\tools;C:\Users\danil\AppData\Local\GitHubDesktop\bin;D:\Microsoft VS Code\bin;D:\dr memory\bin\;C:\Users\danil\Desktop;
USERNAME=danil
OS=Windows_NT
PROCESSOR_IDENTIFIER=Intel64 Family 6 Model 78 Stepping 3, GenuineIntel



---------------  S Y S T E M  ---------------

OS:
 Windows 10 , 64 bit Build 19041 (10.0.19041.2788)
OS uptime: 0 days 2:33 hours
Hyper-V role detected

CPU: total 4 (initial active 4) (2 cores per cpu, 2 threads per core) family 6 model 78 stepping 3 microcode 0xcc, cx8, cmov, fxsr, ht, mmx, 3dnowpref, sse, sse2, sse3, ssse3, sse4.1, sse4.2, popcnt, lzcnt, tsc, tscinvbit, avx, avx2, aes, erms, clmul, bmi1, bmi2, adx, fma, vzeroupper, clflush, clflushopt, hv

Memory: 4k page, system-wide physical 3977M (372M free)
TotalPageFile size 10228M (AvailPageFile size 1757M)
current process WorkingSet (physical memory assigned to process): 180M, peak: 265M
current process commit charge ("private bytes"): 273M, peak: 296M

vm_info: Java HotSpot(TM) 64-Bit Server VM (18.0.2.1+1-1) for windows-amd64 JRE (18.0.2.1+1-1), built on Aug 16 2022 01:46:33 by "mach5one" with MS VC++ 16.8 / 16.9 (VS2019)

END.
